0 info it worked if it ends with ok
1 verbose cli [ 'C:\\Program Files\\nodejs\\node.exe',
1 verbose cli   'C:\\Program Files\\nodejs\\node_modules\\npm\\bin\\npm-cli.js',
1 verbose cli   'run',
1 verbose cli   'transpile' ]
2 info using npm@3.10.10
3 info using node@v6.11.1
4 verbose run-script [ 'pretranspile', 'transpile', 'posttranspile' ]
5 info lifecycle fenix-ui@1.0.0~pretranspile: fenix-ui@1.0.0
6 silly lifecycle fenix-ui@1.0.0~pretranspile: no script for pretranspile, continuing
7 info lifecycle fenix-ui@1.0.0~transpile: fenix-ui@1.0.0
8 verbose lifecycle fenix-ui@1.0.0~transpile: unsafe-perm in lifecycle true
9 verbose lifecycle fenix-ui@1.0.0~transpile: PATH: C:\Program Files\nodejs\node_modules\npm\bin\node-gyp-bin;C:\Users\DEVELOPER\Documents\JOSE\Proyectos\GitHub\fenix-ui\node_modules\.bin;C:\Program Files\Microsoft MPI\Bin\;C:\ProgramData\Oracle\Java\javapath;C:\WINDOWS\system32;C:\WINDOWS;C:\WINDOWS\System32\Wbem;C:\WINDOWS\System32\WindowsPowerShell\v1.0\;C:\Users\DEVELOPER\.dnx\bin;C:\Program Files\Microsoft DNX\Dnvm\;C:\Program Files\Microsoft SQL Server\Client SDK\ODBC\110\Tools\Binn\;C:\Program Files (x86)\Microsoft SQL Server\120\Tools\Binn\;C:\Program Files\Microsoft SQL Server\120\Tools\Binn\;C:\Program Files\Microsoft SQL Server\120\DTS\Binn\;C:\Program Files (x86)\Microsoft SQL Server\120\Tools\Binn\ManagementStudio\;C:\Program Files (x86)\Microsoft SQL Server\120\DTS\Binn\;C:\Program Files\Microsoft SQL Server\130\Tools\Binn\;C:\Program Files\dotnet\;C:\Program Files\TortoiseSVN\bin;C:\Program Files\nodejs\;C:\Program Files (x86)\Microsoft SQL Server\130\Tools\Binn\;C:\Program Files (x86)\Microsoft SQL Server\130\DTS\Binn\;C:\Program Files\Microsoft SQL Server\130\DTS\Binn\;C:\Program Files\Microsoft SQL Server\Client SDK\ODBC\130\Tools\Binn\;C:\Program Files (x86)\Microsoft SQL Server\Client SDK\ODBC\130\Tools\Binn\;C:\Program Files (x86)\Microsoft SQL Server\140\Tools\Binn\;C:\Program Files (x86)\Microsoft SQL Server\140\DTS\Binn\;C:\Program Files (x86)\Microsoft SQL Server\140\Tools\Binn\ManagementStudio\;C:\Program Files\Git\cmd;C:\Users\DEVELOPER\AppData\Roaming\npm;C:\Users\DEVELOPER\AppData\Local\Microsoft\WindowsApps;C:\Program Files\Microsoft VS Code\bin
10 verbose lifecycle fenix-ui@1.0.0~transpile: CWD: C:\Users\DEVELOPER\Documents\JOSE\Proyectos\GitHub\fenix-ui
11 silly lifecycle fenix-ui@1.0.0~transpile: Args: [ '/d /s /c', 'ngc' ]
12 silly lifecycle fenix-ui@1.0.0~transpile: Returned: code: 1  signal: null
13 info lifecycle fenix-ui@1.0.0~transpile: Failed to exec transpile script
14 verbose stack Error: fenix-ui@1.0.0 transpile: `ngc`
14 verbose stack Exit status 1
14 verbose stack     at EventEmitter.<anonymous> (C:\Program Files\nodejs\node_modules\npm\lib\utils\lifecycle.js:255:16)
14 verbose stack     at emitTwo (events.js:106:13)
14 verbose stack     at EventEmitter.emit (events.js:191:7)
14 verbose stack     at ChildProcess.<anonymous> (C:\Program Files\nodejs\node_modules\npm\lib\utils\spawn.js:40:14)
14 verbose stack     at emitTwo (events.js:106:13)
14 verbose stack     at ChildProcess.emit (events.js:191:7)
14 verbose stack     at maybeClose (internal/child_process.js:891:16)
14 verbose stack     at Process.ChildProcess._handle.onexit (internal/child_process.js:226:5)
15 verbose pkgid fenix-ui@1.0.0
16 verbose cwd C:\Users\DEVELOPER\Documents\JOSE\Proyectos\GitHub\fenix-ui
17 error Windows_NT 10.0.15063
18 error argv "C:\\Program Files\\nodejs\\node.exe" "C:\\Program Files\\nodejs\\node_modules\\npm\\bin\\npm-cli.js" "run" "transpile"
19 error node v6.11.1
20 error npm  v3.10.10
21 error code ELIFECYCLE
22 error fenix-ui@1.0.0 transpile: `ngc`
22 error Exit status 1
23 error Failed at the fenix-ui@1.0.0 transpile script 'ngc'.
23 error Make sure you have the latest version of node.js and npm installed.
23 error If you do, this is most likely a problem with the fenix-ui package,
23 error not with npm itself.
23 error Tell the author that this fails on your system:
23 error     ngc
23 error You can get information on how to open an issue for this project with:
23 error     npm bugs fenix-ui
23 error Or if that isn't available, you can get their info via:
23 error     npm owner ls fenix-ui
23 error There is likely additional logging output above.
24 verbose exit [ 1, true ]
